********************************************************************************
DUPLICATOR-LITE PACKAGE-LOG: 24.06.2024 18:52
NOTICE: Do NOT post to public sites or forums 
********************************************************************************
VERSION:	1.5.9
WORDPRESS:	6.5.4
PHP INFO:	8.1.9 | SAPI: apache2handler
SERVER:		Apache 
PHP TIME LIMIT: (0) no time limit imposed 
PHP MAX MEMORY: 4294967296 (1536M default) 
MEMORY STACK: 44MB

********************************************************************************
DATABASE:
********************************************************************************
BUILD MODE:   MYSQLDUMP
MYSQLTIMEOUT: 5000
MYSQLDUMP:    Is Supported
SQL CREATED: 20240624_klinikasistemnojmedicziny_57adc2cd5c0f90eb1465_20240624185213_database.sql
SQL FILE SIZE: 910.45KB (932299)
SQL FILE TIME: 2024-06-24 18:52:22
SQL RUNTIME: 2.87 sec.

********************************************************************************
ARCHIVE (ZIP):
********************************************************************************
ARCHIVE DIR:  D:/work/cms4you
ARCHIVE FILE: 20240624_klinikasistemnojmedicziny_57adc2cd5c0f90eb1465_20240624185213_archive.zip
FILTERS: *OFF*
DIRS:
	not set
FILES:
	not set
EXTS:  not set
----------------------------------------
COMPRESSING
SIZE:	133.13MB
STATS:	Dirs 705 | Files 4,581
SQL ADDED: 20240624_klinikasistemnojmedicziny_57adc2cd5c0f90eb1465_20240624185213_database.sql
ZipArchive Object
(
    [lastId] => 5285
    [status] => 0
    [statusSys] => 0
    [numFiles] => 5286
    [filename] => D:\work\cms4you\wp-content\backups-dup-lite\tmp\20240624_klinikasistemnojmedicziny_57adc2cd5c0f90eb1465_20240624185213_archive.zip
    [comment] => 
)

FILE ADDED TO ZIP: 5285
COMPRESSION RESULT: '1'
COMPRESSED SIZE: 73.83MB
ARCHIVE RUNTIME: 9.13 sec.
MEMORY STACK: 46MB
building installer
ПРОВЕРКА АРХИВА НА ЦЕЛОСТНОСТЬ: ПРОЙДЕНА

********************************************************************************
INTEGRITY CHECKS:
********************************************************************************
SQL FILE: 910.45KB
INSTALLER FILE: 73.5KB
ARCHIVE FILE: 75.7MB 
ОЖИДАЕМОЕ КОЛИЧЕСТВО ФАЙЛОВ/КАТОЛОГ: 5,286
ФАКТИЧЕСКОЕ КОЛИЧЕСТВО ФАЙЛОВ/КАТАЛОГОВ: 5,285
ТЕСТ ЛОГИКИ АРХИВА: Пройден

********************************************************************************
RECORD ID:[1]
TOTAL PROCESS RUNTIME: 13.54 sec.
PEAK PHP MEMORY USED: 48MB
DONE PROCESSING => 20240624_klinikasistemnojmedicziny 24.06.2024 18:52

